<?xml version="1.0" encoding="UTF-8"?>
<!-- Generated by org.testng.reporters.JUnitReportReporter -->
<testsuite skipped="0" hostname="del1-lhp-n65294" name="test_runner.NewTest" tests="1" failures="0" timestamp="10 Aug 2019 06:00:21 GMT" time="15.910" errors="0">
  <testcase name="feature" time="15.910" classname="test_runner.NewTest"/>
</testsuite> <!-- test_runner.NewTest -->
